<?xml version="1.0" encoding="UTF-8"?>
<!-- Generated by org.testng.reporters.JUnitXMLReporter -->
<testsuite hostname="Rahul07" ignored="0" name="Test_Insurance_CompanyModule" tests="3" failures="0" timestamp="12 Jun 2018 12:18:50 GMT" time="68.37" errors="0">
  <testcase name="test_Insurance_company" time="20.743" classname="com.walletHub.Registration.Assignment_2.Test_Insurance_Company"/>
  <testcase name="SubmitRating" time="15.306" classname="com.walletHub.Registration.Assignment_2.Test_Insurance_Company"/>
  <testcase name="Login" time="7.705" classname="com.walletHub.Registration.Assignment_2.Test_Insurance_Company"/>
</testsuite> <!-- Test_Insurance_CompanyModule -->
