<?xml version="1.0" encoding="UTF-8"?>
<testng-results skipped="0" failed="0" ignored="0" total="5" passed="5">
  <reporter-output>
  </reporter-output>
  <suite name="FaceBookModuleAndWalletHub" duration-ms="116607" started-at="2018-06-12T12:33:55Z" finished-at="2018-06-12T12:35:52Z">
    <groups>
    </groups>
    <test name="FaceBookLogin" duration-ms="30665" started-at="2018-06-12T12:33:55Z" finished-at="2018-06-12T12:34:26Z">
      <class name="com.walletHub.Facebook_Assignment_1.FacebookLoginTest">
        <test-method status="PASS" signature="setUpBroswer()[pri:0, instance:com.walletHub.Facebook_Assignment_1.FacebookLoginTest@fad74ee]" name="setUpBroswer" is-config="true" duration-ms="10307" started-at="2018-06-12T12:33:55Z" finished-at="2018-06-12T12:34:06Z">
          <reporter-output>
          </reporter-output>
        </test-method> <!-- setUpBroswer -->
        <test-method status="PASS" signature="VerifyLoginCredential()[pri:0, instance:com.walletHub.Facebook_Assignment_1.FacebookLoginTest@fad74ee]" name="VerifyLoginCredential" duration-ms="18157" started-at="2018-06-12T12:34:06Z" finished-at="2018-06-12T12:34:24Z">
          <reporter-output>
          </reporter-output>
        </test-method> <!-- VerifyLoginCredential -->
        <test-method status="PASS" signature="CloseBroswer()[pri:0, instance:com.walletHub.Facebook_Assignment_1.FacebookLoginTest@fad74ee]" name="CloseBroswer" is-config="true" duration-ms="2171" started-at="2018-06-12T12:34:24Z" finished-at="2018-06-12T12:34:26Z">
          <reporter-output>
          </reporter-output>
        </test-method> <!-- CloseBroswer -->
      </class> <!-- com.walletHub.Facebook_Assignment_1.FacebookLoginTest -->
    </test> <!-- FaceBookLogin -->
    <test name="Registration" duration-ms="23615" started-at="2018-06-12T12:34:26Z" finished-at="2018-06-12T12:34:50Z">
      <class name="com.walletHub.Registration.Assignment_2.RegistrationOnWalletHub">
        <test-method status="PASS" signature="BroswerInvoke()[pri:0, instance:com.walletHub.Registration.Assignment_2.RegistrationOnWalletHub@262b2c86]" name="BroswerInvoke" is-config="true" duration-ms="15865" started-at="2018-06-12T12:34:26Z" finished-at="2018-06-12T12:34:42Z">
          <reporter-output>
          </reporter-output>
        </test-method> <!-- BroswerInvoke -->
        <test-method status="PASS" signature="Register()[pri:0, instance:com.walletHub.Registration.Assignment_2.RegistrationOnWalletHub@262b2c86]" name="Register" duration-ms="5394" started-at="2018-06-12T12:34:42Z" finished-at="2018-06-12T12:34:47Z">
          <reporter-output>
          </reporter-output>
        </test-method> <!-- Register -->
        <test-method status="PASS" signature="CloseBroswer()[pri:0, instance:com.walletHub.Registration.Assignment_2.RegistrationOnWalletHub@262b2c86]" name="CloseBroswer" is-config="true" duration-ms="2347" started-at="2018-06-12T12:34:47Z" finished-at="2018-06-12T12:34:50Z">
          <reporter-output>
          </reporter-output>
        </test-method> <!-- CloseBroswer -->
      </class> <!-- com.walletHub.Registration.Assignment_2.RegistrationOnWalletHub -->
    </test> <!-- Registration -->
    <test name="Test_Insurance_Company" duration-ms="62199" started-at="2018-06-12T12:34:50Z" finished-at="2018-06-12T12:35:52Z">
      <class name="com.walletHub.Registration.Assignment_2.Test_Insurance_Company">
        <test-method status="PASS" signature="BroswerInvoke()[pri:0, instance:com.walletHub.Registration.Assignment_2.Test_Insurance_Company@a38d7a3]" name="BroswerInvoke" is-config="true" duration-ms="21981" started-at="2018-06-12T12:34:50Z" finished-at="2018-06-12T12:35:12Z">
          <reporter-output>
          </reporter-output>
        </test-method> <!-- BroswerInvoke -->
        <test-method status="PASS" signature="test_Insurance_company()[pri:0, instance:com.walletHub.Registration.Assignment_2.Test_Insurance_Company@a38d7a3]" name="test_Insurance_company" duration-ms="15348" started-at="2018-06-12T12:35:12Z" finished-at="2018-06-12T12:35:27Z">
          <reporter-output>
          </reporter-output>
        </test-method> <!-- test_Insurance_company -->
        <test-method status="PASS" signature="SubmitRating()[pri:1, instance:com.walletHub.Registration.Assignment_2.Test_Insurance_Company@a38d7a3]" name="SubmitRating" duration-ms="12442" started-at="2018-06-12T12:35:27Z" finished-at="2018-06-12T12:35:40Z">
          <reporter-output>
          </reporter-output>
        </test-method> <!-- SubmitRating -->
        <test-method status="PASS" signature="Login()[pri:2, instance:com.walletHub.Registration.Assignment_2.Test_Insurance_Company@a38d7a3]" name="Login" duration-ms="9752" started-at="2018-06-12T12:35:40Z" finished-at="2018-06-12T12:35:49Z">
          <reporter-output>
          </reporter-output>
        </test-method> <!-- Login -->
        <test-method status="PASS" signature="CloseBroswer()[pri:0, instance:com.walletHub.Registration.Assignment_2.Test_Insurance_Company@a38d7a3]" name="CloseBroswer" is-config="true" duration-ms="2662" started-at="2018-06-12T12:35:49Z" finished-at="2018-06-12T12:35:52Z">
          <reporter-output>
          </reporter-output>
        </test-method> <!-- CloseBroswer -->
      </class> <!-- com.walletHub.Registration.Assignment_2.Test_Insurance_Company -->
    </test> <!-- Test_Insurance_Company -->
  </suite> <!-- FaceBookModuleAndWalletHub -->
</testng-results>
