<?xml version="1.0" encoding="UTF-8"?>
<!-- Generated by org.testng.reporters.JUnitXMLReporter -->
<testsuite hostname="Rahul07" ignored="0" name="Test_Insurance_Company" tests="3" failures="0" timestamp="12 Jun 2018 12:35:52 GMT" time="62.199" errors="0">
  <testcase name="test_Insurance_company" time="15.348" classname="com.walletHub.Registration.Assignment_2.Test_Insurance_Company"/>
  <testcase name="SubmitRating" time="12.442" classname="com.walletHub.Registration.Assignment_2.Test_Insurance_Company"/>
  <testcase name="Login" time="9.752" classname="com.walletHub.Registration.Assignment_2.Test_Insurance_Company"/>
</testsuite> <!-- Test_Insurance_Company -->
